<?xml version="1.0" encoding="UTF-8" ?>
<testsuite tests="1" failures="1" name="BuscadorUCBTest" time="24.804" errors="0" skipped="0">
  <properties>
[...]
</properties>
  <testcase classname="BuscadorUCBTest" name="buscarPersonaTest" time="24.804">
    <failure message="expected:&lt;true&gt; but was:&lt;false&gt;" type="junit.framework.AssertionFailedError">junit.framework.AssertionFailedError: expected:&lt;true&gt; but was:&lt;false&gt;
	at junit.framework.Assert.fail(Assert.java:50)
	at junit.framework.Assert.failNotEquals(Assert.java:287)
	at junit.framework.Assert.assertEquals(Assert.java:67)
	at junit.framework.Assert.assertEquals(Assert.java:147)
	at junit.framework.Assert.assertEquals(Assert.java:153)
	at BuscadorUCBTest.buscarPersonaTest(BuscadorUCBTest.java:117)
</failure>
    <system-out>Configuring TestNG with: org.apache.maven.surefire.testng.conf.TestNG652Configurator@2d6a9952
Esperando a la pagina.....
Se muestra el texto del boton: Directorio
</system-out>
    <system-err>SLF4J: No SLF4J providers were found.
SLF4J: Defaulting to no-operation (NOP) logger implementation
SLF4J: See https://www.slf4j.org/codes.html#noProviders for further details.
Starting ChromeDriver 148.0.7778.167 (65db666ac2cf205fcc36db8bb5b9cd87f94808ac-refs/branch-heads/7778@{#2783}) on port 1160
Only local connections are allowed.
Please see https://chromedriver.chromium.org/security-considerations for suggestions on keeping ChromeDriver safe.
ChromeDriver was started successfully on port 1160.
May 18, 2026 8:06:21 PM org.openqa.selenium.remote.ProtocolHandshake createSession
INFO: Detected dialect: W3C
</system-err>
  </testcase>
</testsuite>