<?xml version="1.0" encoding="UTF-8"?>
<testng-results total="2" passed="2" failed="0" skipped="0">
  <reporter-output>
  </reporter-output>
  <suite started-at="2025-05-20T00:46:09Z" name="Command line suite" finished-at="2025-05-20T00:47:07Z" duration-ms="57718">
    <groups>
    </groups>
    <test started-at="2025-05-20T00:46:09Z" name="Command line test" finished-at="2025-05-20T00:47:07Z" duration-ms="57718">
      <class name="BuscarGoogleTest">
        <test-method is-config="true" signature="setDriver()[pri:0, instance:BuscarGoogleTest@4e7dc304]" started-at="2025-05-19T20:46:09Z" name="setDriver" finished-at="2025-05-19T20:46:12Z" duration-ms="2445" status="PASS">
          <reporter-output>
          </reporter-output>
        </test-method> <!-- setDriver -->
        <test-method is-config="true" signature="setDriver()[pri:0, instance:RegistroDZoneTest@4d41cee]" started-at="2025-05-19T20:46:12Z" name="setDriver" finished-at="2025-05-19T20:46:14Z" duration-ms="1998" status="PASS">
          <reporter-output>
          </reporter-output>
        </test-method> <!-- setDriver -->
        <test-method signature="paginaPrincipalGoogle()[pri:0, instance:BuscarGoogleTest@4e7dc304]" started-at="2025-05-19T20:46:14Z" name="paginaPrincipalGoogle" finished-at="2025-05-19T20:46:19Z" duration-ms="5243" status="PASS">
          <reporter-output>
          </reporter-output>
        </test-method> <!-- paginaPrincipalGoogle -->
        <test-method is-config="true" signature="closeDriver()[pri:0, instance:BuscarGoogleTest@4e7dc304]" started-at="2025-05-19T20:47:07Z" name="closeDriver" finished-at="2025-05-19T20:47:07Z" duration-ms="166" status="PASS">
          <reporter-output>
          </reporter-output>
        </test-method> <!-- closeDriver -->
        <test-method is-config="true" signature="closeDriver()[pri:0, instance:RegistroDZoneTest@4d41cee]" started-at="2025-05-19T20:47:07Z" name="closeDriver" finished-at="2025-05-19T20:47:07Z" duration-ms="216" status="PASS">
          <reporter-output>
          </reporter-output>
        </test-method> <!-- closeDriver -->
      </class> <!-- BuscarGoogleTest -->
      <class name="RegistroDZoneTest">
        <test-method signature="verificarMensajeErrorAlRegistrar()[pri:0, instance:RegistroDZoneTest@4d41cee]" started-at="2025-05-19T20:46:19Z" name="verificarMensajeErrorAlRegistrar" finished-at="2025-05-19T20:47:07Z" duration-ms="47637" status="PASS">
          <reporter-output>
          </reporter-output>
        </test-method> <!-- verificarMensajeErrorAlRegistrar -->
      </class> <!-- RegistroDZoneTest -->
    </test> <!-- Command line test -->
  </suite> <!-- Command line suite -->
</testng-results>
