<?xml version="1.0" encoding="UTF-8"?>
<testng-results total="1" passed="1" failed="0" skipped="0">
  <reporter-output>
  </reporter-output>
  <suite started-at="2025-05-21T01:16:04Z" name="RegistroDZoneTest" finished-at="2025-05-21T01:16:30Z" duration-ms="25664">
    <groups>
    </groups>
    <test started-at="2025-05-21T01:16:04Z" name="Command line test" finished-at="2025-05-21T01:16:30Z" duration-ms="25664">
      <class name="RegistroDZoneTest">
        <test-method is-config="true" signature="setDriver()[pri:0, instance:RegistroDZoneTest@3fd7a715]" started-at="2025-05-20T21:16:04Z" name="setDriver" finished-at="2025-05-20T21:16:09Z" duration-ms="5269" status="PASS">
          <reporter-output>
          </reporter-output>
        </test-method> <!-- setDriver -->
        <test-method signature="verificarMensajeErrorAlRegistrar()[pri:0, instance:RegistroDZoneTest@3fd7a715]" started-at="2025-05-20T21:16:09Z" name="verificarMensajeErrorAlRegistrar" finished-at="2025-05-20T21:16:29Z" duration-ms="20112" status="PASS">
          <reporter-output>
          </reporter-output>
        </test-method> <!-- verificarMensajeErrorAlRegistrar -->
        <test-method is-config="true" signature="closeDriver()[pri:0, instance:RegistroDZoneTest@3fd7a715]" started-at="2025-05-20T21:16:29Z" name="closeDriver" finished-at="2025-05-20T21:16:30Z" duration-ms="271" status="PASS">
          <reporter-output>
          </reporter-output>
        </test-method> <!-- closeDriver -->
      </class> <!-- RegistroDZoneTest -->
    </test> <!-- Command line test -->
  </suite> <!-- RegistroDZoneTest -->
</testng-results>
