<?xml version="1.0" encoding="UTF-8"?>
<!-- Generated by org.testng.reporters.JUnitXMLReporter -->
<testsuite hostname="Gustavos-MacBook-Pro.local" failures="1" tests="1" name="Command line test" time="29.848" errors="0" timestamp="19 May 2026 00:06:54 GMT">
  <testcase classname="BuscadorUCBTest" name="buscarPersonaTest" time="24.802">
    <failure type="junit.framework.AssertionFailedError" message="expected:&amp;lt;true&amp;gt; but was:&amp;lt;false&amp;gt;">
      <![CDATA[junit.framework.AssertionFailedError: expected:<true> but was:<false>
	at junit.framework.Assert.fail(Assert.java:50)
	at junit.framework.Assert.failNotEquals(Assert.java:287)
	at junit.framework.Assert.assertEquals(Assert.java:67)
	at junit.framework.Assert.assertEquals(Assert.java:147)
	at junit.framework.Assert.assertEquals(Assert.java:153)
	at BuscadorUCBTest.buscarPersonaTest(BuscadorUCBTest.java:117)
... Removed 29 stack frames]]>
    </failure>
  </testcase> <!-- buscarPersonaTest -->
</testsuite> <!-- Command line test -->
